2017-10-17 02:34:49,357 - Log4JLogChute initialized using file 'velocity.log'
2017-10-17 02:34:49,358 - Initializing Velocity, Calling init()...
2017-10-17 02:34:49,358 - Starting Apache Velocity v1.7 (compiled: 2010-11-19 12:14:37)
2017-10-17 02:34:49,358 - Default Properties File: org/apache/velocity/runtime/defaults/velocity.properties
2017-10-17 02:34:49,358 - Trying to use logger class org.apache.velocity.runtime.log.AvalonLogChute
2017-10-17 02:34:49,358 - Target log system for org.apache.velocity.runtime.log.AvalonLogChute is not available (java.lang.NoClassDefFoundError: org/apache/log/format/Formatter).  Falling back to next log system...
2017-10-17 02:34:49,358 - Trying to use logger class org.apache.velocity.runtime.log.Log4JLogChute
2017-10-17 02:34:49,358 - Using logger class org.apache.velocity.runtime.log.Log4JLogChute
2017-10-17 02:34:49,362 - ResourceLoader instantiated: org.apache.velocity.runtime.resource.loader.FileResourceLoader
2017-10-17 02:34:49,364 - Do unicode file recognition:  false
2017-10-17 02:34:49,364 - FileResourceLoader : adding path '/Users/haresh.kumar/DevopsPractice/gamutkartMavenProject/webApplication/mywebapp/.'
2017-10-17 02:34:49,377 - ResourceCache: initialized (class org.apache.velocity.runtime.resource.ResourceCacheImpl) with class java.util.Collections$SynchronizedMap cache map.
2017-10-17 02:34:49,378 - Loaded System Directive: org.apache.velocity.runtime.directive.Stop
2017-10-17 02:34:49,379 - Loaded System Directive: org.apache.velocity.runtime.directive.Define
2017-10-17 02:34:49,379 - Loaded System Directive: org.apache.velocity.runtime.directive.Break
2017-10-17 02:34:49,379 - Loaded System Directive: org.apache.velocity.runtime.directive.Evaluate
2017-10-17 02:34:49,380 - Loaded System Directive: org.apache.velocity.runtime.directive.Literal
2017-10-17 02:34:49,380 - Loaded System Directive: org.apache.velocity.runtime.directive.Macro
2017-10-17 02:34:49,381 - Loaded System Directive: org.apache.velocity.runtime.directive.Parse
2017-10-17 02:34:49,382 - Loaded System Directive: org.apache.velocity.runtime.directive.Include
2017-10-17 02:34:49,382 - Loaded System Directive: org.apache.velocity.runtime.directive.Foreach
2017-10-17 02:34:49,404 - Created '20' parsers.
2017-10-17 02:34:49,407 - Velocimacro : "velocimacro.library" is not set.  Trying default library: VM_global_library.vm
2017-10-17 02:34:49,407 - Velocimacro : Default library not found.
2017-10-17 02:34:49,407 - Velocimacro : allowInline = true : VMs can be defined inline in templates
2017-10-17 02:34:49,407 - Velocimacro : allowInlineToOverride = false : VMs defined inline may NOT replace previous VM definitions
2017-10-17 02:34:49,407 - Velocimacro : allowInlineLocal = false : VMs defined inline will be global in scope if allowed.
2017-10-17 02:34:49,407 - Velocimacro : autoload off : VM system will not automatically reload global library macros
2021-06-19 00:36:56,664 - Log4JLogChute initialized using file 'velocity.log'
2021-06-19 00:36:56,693 - Initializing Velocity, Calling init()...
2021-06-19 00:36:56,693 - Starting Apache Velocity v1.7 (compiled: 2010-11-19 12:14:37)
2021-06-19 00:36:56,693 - Default Properties File: org/apache/velocity/runtime/defaults/velocity.properties
2021-06-19 00:36:56,693 - Trying to use logger class org.apache.velocity.runtime.log.AvalonLogChute
2021-06-19 00:36:56,693 - Target log system for org.apache.velocity.runtime.log.AvalonLogChute is not available (java.lang.NoClassDefFoundError: org/apache/log/format/Formatter).  Falling back to next log system...
2021-06-19 00:36:56,693 - Trying to use logger class org.apache.velocity.runtime.log.Log4JLogChute
2021-06-19 00:36:56,693 - Using logger class org.apache.velocity.runtime.log.Log4JLogChute
2021-06-19 00:36:56,747 - ResourceLoader instantiated: org.apache.velocity.runtime.resource.loader.FileResourceLoader
2021-06-19 00:36:56,771 - Do unicode file recognition:  false
2021-06-19 00:36:56,774 - FileResourceLoader : adding path '/root/github/DevopsPractice/OLD/gamutkartMavenProject/webApplication/mywebapp/.'
2021-06-19 00:36:57,016 - ResourceCache: initialized (class org.apache.velocity.runtime.resource.ResourceCacheImpl) with class java.util.Collections$SynchronizedMap cache map.
2021-06-19 00:36:57,023 - Loaded System Directive: org.apache.velocity.runtime.directive.Stop
2021-06-19 00:36:57,028 - Loaded System Directive: org.apache.velocity.runtime.directive.Define
2021-06-19 00:36:57,030 - Loaded System Directive: org.apache.velocity.runtime.directive.Break
2021-06-19 00:36:57,032 - Loaded System Directive: org.apache.velocity.runtime.directive.Evaluate
2021-06-19 00:36:57,039 - Loaded System Directive: org.apache.velocity.runtime.directive.Literal
2021-06-19 00:36:57,043 - Loaded System Directive: org.apache.velocity.runtime.directive.Macro
2021-06-19 00:36:57,048 - Loaded System Directive: org.apache.velocity.runtime.directive.Parse
2021-06-19 00:36:57,053 - Loaded System Directive: org.apache.velocity.runtime.directive.Include
2021-06-19 00:36:57,057 - Loaded System Directive: org.apache.velocity.runtime.directive.Foreach
2021-06-19 00:36:57,181 - Created '20' parsers.
2021-06-19 00:36:57,206 - Velocimacro : "velocimacro.library" is not set.  Trying default library: VM_global_library.vm
2021-06-19 00:36:57,207 - Velocimacro : Default library not found.
2021-06-19 00:36:57,207 - Velocimacro : allowInline = true : VMs can be defined inline in templates
2021-06-19 00:36:57,208 - Velocimacro : allowInlineToOverride = false : VMs defined inline may NOT replace previous VM definitions
2021-06-19 00:36:57,208 - Velocimacro : allowInlineLocal = false : VMs defined inline will be global in scope if allowed.
2021-06-19 00:36:57,208 - Velocimacro : autoload off : VM system will not automatically reload global library macros
